Arguments: 
  /usr/local/bin/node /usr/local/bin/yarn add @babel/core @babel/generator @babel/traverse @babel/types babylon nes-async

PATH: 
  /usr/local/bin:/usr/bin:/bin:/usr/sbin:/sbin:/Applications/VMware Fusion.app/Contents/Public:/java/maven/apache-maven-3.6.3/bin:/usr/local/mysql/bin:/java/maven/apache-maven-3.6.3/bin:/usr/local/mysql/bin

Yarn version: 
  1.6.0

Node version: 
  14.15.1

Platform: 
  darwin x64

Trace: 
  Error: https://registry.npm.taobao.org/nes-async: Not found
      at Request.params.callback [as _callback] (/usr/local/lib/node_modules/yarn/lib/cli.js:65327:18)
      at Request.self.callback (/usr/local/lib/node_modules/yarn/lib/cli.js:133155:22)
      at Request.emit (events.js:315:20)
      at Request.<anonymous> (/usr/local/lib/node_modules/yarn/lib/cli.js:134138:10)
      at Request.emit (events.js:315:20)
      at IncomingMessage.<anonymous> (/usr/local/lib/node_modules/yarn/lib/cli.js:134058:12)
      at Object.onceWrapper (events.js:421:28)
      at IncomingMessage.emit (events.js:327:22)
      at endReadableNT (_stream_readable.js:1327:12)
      at processTicksAndRejections (internal/process/task_queues.js:80:21)

npm manifest: 
  {
    "name": "xwebpack",
    "version": "1.0.0",
    "main": "lib/webpack.js",
    "license": "MIT",
    "dependencies": {
      "tapable": "1"
    }
  }

yarn manifest: 
  No manifest

Lockfile: 
  # THIS IS AN AUTOGENERATED FILE. DO NOT EDIT THIS FILE DIRECTLY.
  # yarn lockfile v1
  
  
  tapable@1:
    version "1.1.3"
    resolved "https://registry.npm.taobao.org/tapable/download/tapable-1.1.3.tgz#a1fccc06b58db61fd7a45da2da44f5f3a3e67ba2"
